# JRE version: Java(TM) SE Runtime Environment (8.0_31-b13) (build 1.8.0_31-b13)
# Java VM: Java HotSpot(TM) 64-Bit Server VM (25.31-b07 mixed mode windows-amd64 compressed oops)
Heap:
 PSYoungGen      total 347136K, used 202252K [0x00000000d6180000, 0x00000000ec600000, 0x0000000100000000)
  eden space 332288K, 60% used [0x00000000d6180000,0x00000000e2703028,0x00000000ea600000)
  from space 14848K, 0% used [0x00000000eb780000,0x00000000eb780000,0x00000000ec600000)
  to   space 16384K, 0% used [0x00000000ea600000,0x00000000ea600000,0x00000000eb600000)
 ParOldGen       total 135168K, used 28639K [0x0000000082400000, 0x000000008a800000, 0x00000000d6180000)
  object space 135168K, 21% used [0x0000000082400000,0x0000000083ff7dc8,0x000000008a800000)
 Metaspace       used 66053K, capacity 69596K, committed 69888K, reserved 1110016K
  class space    used 9081K, capacity 9628K, committed 9728K, reserved 1048576K
GC Heap History (10 events):
Event: 9.656 GC heap before
{Heap before GC invocations=11 (full 1):
 PSYoungGen      total 262144K, used 259172K [0x00000000d6180000, 0x00000000e7880000, 0x0000000100000000)
  eden space 253440K, 100% used [0x00000000d6180000,0x00000000e5900000,0x00000000e5900000)
  from space 8704K, 65% used [0x00000000e5900000,0x00000000e5e99388,0x00000000e6180000)
  to   space 8704K, 0% used [0x00000000e7000000,0x00000000e7000000,0x00000000e7880000)
 ParOldGen       total 53760K, used 5961K [0x0000000082400000, 0x0000000085880000, 0x00000000d6180000)
  object space 53760K, 11% used [0x0000000082400000,0x00000000829d27b8,0x0000000085880000)
 Metaspace       used 33469K, capacity 35358K, committed 35496K, reserved 1081344K
  class space    used 4208K, capacity 4527K, committed 4608K, reserved 1048576K
Event: 9.673 GC heap after
Heap after GC invocations=11 (full 1):
 PSYoungGen      total 273920K, used 8683K [0x00000000d6180000, 0x00000000eb600000, 0x0000000100000000)
  eden space 265216K, 0% used [0x00000000d6180000,0x00000000d6180000,0x00000000e6480000)
  from space 8704K, 99% used [0x00000000e7000000,0x00000000e787af98,0x00000000e7880000)
  to   space 11776K, 0% used [0x00000000e6480000,0x00000000e6480000,0x00000000e7000000)
 ParOldGen       total 53760K, used 12311K [0x0000000082400000, 0x0000000085880000, 0x00000000d6180000)
  object space 53760K, 22% used [0x0000000082400000,0x0000000083005ee8,0x0000000085880000)
 Metaspace       used 33469K, capacity 35358K, committed 35496K, reserved 1081344K
  class space    used 4208K, capacity 4527K, committed 4608K, reserved 1048576K
}
Event: 9.673 GC heap before
{Heap before GC invocations=12 (full 2):
 PSYoungGen      total 273920K, used 8683K [0x00000000d6180000, 0x00000000eb600000, 0x0000000100000000)
  eden space 265216K, 0% used [0x00000000d6180000,0x00000000d6180000,0x00000000e6480000)
  from space 8704K, 99% used [0x00000000e7000000,0x00000000e787af98,0x00000000e7880000)
  to   space 11776K, 0% used [0x00000000e6480000,0x00000000e6480000,0x00000000e7000000)
 ParOldGen       total 53760K, used 12311K [0x0000000082400000, 0x0000000085880000, 0x00000000d6180000)
  object space 53760K, 22% used [0x0000000082400000,0x0000000083005ee8,0x0000000085880000)
 Metaspace       used 33469K, capacity 35358K, committed 35496K, reserved 1081344K
  class space    used 4208K, capacity 4527K, committed 4608K, reserved 1048576K
Event: 9.781 GC heap after
Heap after GC invocations=12 (full 2):
 PSYoungGen      total 273920K, used 0K [0x00000000d6180000, 0x00000000eb600000, 0x0000000100000000)
  eden space 265216K, 0% used [0x00000000d6180000,0x00000000d6180000,0x00000000e6480000)
  from space 8704K, 0% used [0x00000000e7000000,0x00000000e7000000,0x00000000e7880000)
  to   space 11776K, 0% used [0x00000000e6480000,0x00000000e6480000,0x00000000e7000000)
 ParOldGen       total 93696K, used 18799K [0x0000000082400000, 0x0000000087f80000, 0x00000000d6180000)
  object space 93696K, 20% used [0x0000000082400000,0x000000008365bca8,0x0000000087f80000)
 Metaspace       used 33469K, capacity 35358K, committed 35496K, reserved 1081344K
  class space    used 4208K, capacity 4527K, committed 4608K, reserved 1048576K
}
Event: 11.470 GC heap before
{Heap before GC invocations=13 (full 2):
 PSYoungGen      total 273920K, used 265216K [0x00000000d6180000, 0x00000000eb600000, 0x0000000100000000)
  eden space 265216K, 100% used [0x00000000d6180000,0x00000000e6480000,0x00000000e6480000)
  from space 8704K, 0% used [0x00000000e7000000,0x00000000e7000000,0x00000000e7880000)
  to   space 11776K, 0% used [0x00000000e6480000,0x00000000e6480000,0x00000000e7000000)
 ParOldGen       total 93696K, used 18799K [0x0000000082400000, 0x0000000087f80000, 0x00000000d6180000)
  object space 93696K, 20% used [0x0000000082400000,0x000000008365bca8,0x0000000087f80000)
 Metaspace       used 47037K, capacity 49154K, committed 49536K, reserved 1091584K
  class space    used 6384K, capacity 6749K, committed 6784K, reserved 1048576K
Event: 11.488 GC heap after
Heap after GC invocations=13 (full 2):
 PSYoungGen      total 276992K, used 11769K [0x00000000d6180000, 0x00000000ec680000, 0x0000000100000000)
  eden space 265216K, 0% used [0x00000000d6180000,0x00000000d6180000,0x00000000e6480000)
  from space 11776K, 99% used [0x00000000e6480000,0x00000000e6ffe630,0x00000000e7000000)
  to   space 15360K, 0% used [0x00000000eb780000,0x00000000eb780000,0x00000000ec680000)
 ParOldGen       total 93696K, used 23153K [0x0000000082400000, 0x0000000087f80000, 0x00000000d6180000)
  object space 93696K, 24% used [0x0000000082400000,0x0000000083a9c690,0x0000000087f80000)
 Metaspace       used 47037K, capacity 49154K, committed 49536K, reserved 1091584K
  class space    used 6384K, capacity 6749K, committed 6784K, reserved 1048576K
}
Event: 13.109 GC heap before
{Heap before GC invocations=14 (full 2):
 PSYoungGen      total 276992K, used 210317K [0x00000000d6180000, 0x00000000ec680000, 0x0000000100000000)
  eden space 265216K, 74% used [0x00000000d6180000,0x00000000e2364eb8,0x00000000e6480000)
  from space 11776K, 99% used [0x00000000e6480000,0x00000000e6ffe630,0x00000000e7000000)
  to   space 15360K, 0% used [0x00000000eb780000,0x00000000eb780000,0x00000000ec680000)
 ParOldGen       total 93696K, used 23153K [0x0000000082400000, 0x0000000087f80000, 0x00000000d6180000)
  object space 93696K, 24% used [0x0000000082400000,0x0000000083a9c690,0x0000000087f80000)
 Metaspace       used 56455K, capacity 59010K, committed 59160K, reserved 1099776K
  class space    used 7811K, capacity 8215K, committed 8320K, reserved 1048576K
Event: 13.126 GC heap after
Heap after GC invocations=14 (full 2):
 PSYoungGen      total 347136K, used 12463K [0x00000000d6180000, 0x00000000ec600000, 0x0000000100000000)
  eden space 332288K, 0% used [0x00000000d6180000,0x00000000d6180000,0x00000000ea600000)
  from space 14848K, 83% used [0x00000000eb780000,0x00000000ec3abcb8,0x00000000ec600000)
  to   space 16384K, 0% used [0x00000000ea600000,0x00000000ea600000,0x00000000eb600000)
 ParOldGen       total 93696K, used 27766K [0x0000000082400000, 0x0000000087f80000, 0x00000000d6180000)
  object space 93696K, 29% used [0x0000000082400000,0x0000000083f1d800,0x0000000087f80000)
 Metaspace       used 56455K, capacity 59010K, committed 59160K, reserved 1099776K
  class space    used 7811K, capacity 8215K, committed 8320K, reserved 1048576K
}
Event: 13.126 GC heap before
{Heap before GC invocations=15 (full 3):
 PSYoungGen      total 347136K, used 12463K [0x00000000d6180000, 0x00000000ec600000, 0x0000000100000000)
  eden space 332288K, 0% used [0x00000000d6180000,0x00000000d6180000,0x00000000ea600000)
  from space 14848K, 83% used [0x00000000eb780000,0x00000000ec3abcb8,0x00000000ec600000)
  to   space 16384K, 0% used [0x00000000ea600000,0x00000000ea600000,0x00000000eb600000)
 ParOldGen       total 93696K, used 27766K [0x0000000082400000, 0x0000000087f80000, 0x00000000d6180000)
  object space 93696K, 29% used [0x0000000082400000,0x0000000083f1d800,0x0000000087f80000)
 Metaspace       used 56455K, capacity 59010K, committed 59160K, reserved 1099776K
  class space    used 7811K, capacity 8215K, committed 8320K, reserved 1048576K
Event: 13.301 GC heap after
Heap after GC invocations=15 (full 3):
 PSYoungGen      total 347136K, used 0K [0x00000000d6180000, 0x00000000ec600000, 0x0000000100000000)
  eden space 332288K, 0% used [0x00000000d6180000,0x00000000d6180000,0x00000000ea600000)
  from space 14848K, 0% used [0x00000000eb780000,0x00000000eb780000,0x00000000ec600000)
  to   space 16384K, 0% used [0x00000000ea600000,0x00000000ea600000,0x00000000eb600000)
 ParOldGen       total 135168K, used 28639K [0x0000000082400000, 0x000000008a800000, 0x00000000d6180000)
  object space 135168K, 21% used [0x0000000082400000,0x0000000083ff7dc8,0x000000008a800000)
 Metaspace       used 56455K, capacity 59010K, committed 59160K, reserved 1099776K
  class space    used 7811K, capacity 8215K, committed 8320K, reserved 1048576K
}

