# JRE version: Java(TM) SE Runtime Environment (8.0_31-b13) (build 1.8.0_31-b13)
# Java VM: Java HotSpot(TM) 64-Bit Server VM (25.31-b07 mixed mode windows-amd64 compressed oops)
Heap:
 PSYoungGen      total 420352K, used 151688K [0x00000000d6180000, 0x00000000f2b80000, 0x0000000100000000)
  eden space 402432K, 36% used [0x00000000d6180000,0x00000000df0d3050,0x00000000eea80000)
  from space 17920K, 27% used [0x00000000eea80000,0x00000000eef4f230,0x00000000efc00000)
  to   space 17408K, 0% used [0x00000000f1a80000,0x00000000f1a80000,0x00000000f2b80000)
 ParOldGen       total 135168K, used 28436K [0x0000000082400000, 0x000000008a800000, 0x00000000d6180000)
  object space 135168K, 21% used [0x0000000082400000,0x0000000083fc51b8,0x000000008a800000)
 Metaspace       used 68394K, capacity 72264K, committed 72320K, reserved 1112064K
  class space    used 9243K, capacity 9825K, committed 9856K, reserved 1048576K
GC Heap History (10 events):
Event: 12.991 GC heap before
{Heap before GC invocations=15 (full 2):
 PSYoungGen      total 331776K, used 217164K [0x00000000d6180000, 0x00000000ebf80000, 0x0000000100000000)
  eden space 320512K, 64% used [0x00000000d6180000,0x00000000e2a99d00,0x00000000e9a80000)
  from space 11264K, 99% used [0x00000000ea880000,0x00000000eb3794a8,0x00000000eb380000)
  to   space 14336K, 0% used [0x00000000e9a80000,0x00000000e9a80000,0x00000000ea880000)
 ParOldGen       total 88576K, used 18198K [0x0000000082400000, 0x0000000087a80000, 0x00000000d6180000)
  object space 88576K, 20% used [0x0000000082400000,0x00000000835c59f8,0x0000000087a80000)
 Metaspace       used 56453K, capacity 58994K, committed 59160K, reserved 1099776K
  class space    used 7805K, capacity 8215K, committed 8320K, reserved 1048576K
Event: 13.008 GC heap after
Heap after GC invocations=15 (full 2):
 PSYoungGen      total 334848K, used 14321K [0x00000000d6180000, 0x00000000f1300000, 0x0000000100000000)
  eden space 320512K, 0% used [0x00000000d6180000,0x00000000d6180000,0x00000000e9a80000)
  from space 14336K, 99% used [0x00000000e9a80000,0x00000000ea87c770,0x00000000ea880000)
  to   space 17408K, 0% used [0x00000000f0200000,0x00000000f0200000,0x00000000f1300000)
 ParOldGen       total 88576K, used 21012K [0x0000000082400000, 0x0000000087a80000, 0x00000000d6180000)
  object space 88576K, 23% used [0x0000000082400000,0x0000000083885310,0x0000000087a80000)
 Metaspace       used 56453K, capacity 58994K, committed 59160K, reserved 1099776K
  class space    used 7805K, capacity 8215K, committed 8320K, reserved 1048576K
}
Event: 13.009 GC heap before
{Heap before GC invocations=16 (full 3):
 PSYoungGen      total 334848K, used 14321K [0x00000000d6180000, 0x00000000f1300000, 0x0000000100000000)
  eden space 320512K, 0% used [0x00000000d6180000,0x00000000d6180000,0x00000000e9a80000)
  from space 14336K, 99% used [0x00000000e9a80000,0x00000000ea87c770,0x00000000ea880000)
  to   space 17408K, 0% used [0x00000000f0200000,0x00000000f0200000,0x00000000f1300000)
 ParOldGen       total 88576K, used 21012K [0x0000000082400000, 0x0000000087a80000, 0x00000000d6180000)
  object space 88576K, 23% used [0x0000000082400000,0x0000000083885310,0x0000000087a80000)
 Metaspace       used 56453K, capacity 58994K, committed 59160K, reserved 1099776K
  class space    used 7805K, capacity 8215K, committed 8320K, reserved 1048576K
Event: 13.195 GC heap after
Heap after GC invocations=16 (full 3):
 PSYoungGen      total 334848K, used 0K [0x00000000d6180000, 0x00000000f1300000, 0x0000000100000000)
  eden space 320512K, 0% used [0x00000000d6180000,0x00000000d6180000,0x00000000e9a80000)
  from space 14336K, 0% used [0x00000000e9a80000,0x00000000e9a80000,0x00000000ea880000)
  to   space 17408K, 0% used [0x00000000f0200000,0x00000000f0200000,0x00000000f1300000)
 ParOldGen       total 135168K, used 28736K [0x0000000082400000, 0x000000008a800000, 0x00000000d6180000)
  object space 135168K, 21% used [0x0000000082400000,0x00000000840103d0,0x000000008a800000)
 Metaspace       used 56453K, capacity 58994K, committed 59160K, reserved 1099776K
  class space    used 7805K, capacity 8215K, committed 8320K, reserved 1048576K
}
Event: 189.429 GC heap before
{Heap before GC invocations=17 (full 3):
 PSYoungGen      total 334848K, used 236461K [0x00000000d6180000, 0x00000000f1300000, 0x0000000100000000)
  eden space 320512K, 73% used [0x00000000d6180000,0x00000000e486b4a0,0x00000000e9a80000)
  from space 14336K, 0% used [0x00000000e9a80000,0x00000000e9a80000,0x00000000ea880000)
  to   space 17408K, 0% used [0x00000000f0200000,0x00000000f0200000,0x00000000f1300000)
 ParOldGen       total 135168K, used 28736K [0x0000000082400000, 0x000000008a800000, 0x00000000d6180000)
  object space 135168K, 21% used [0x0000000082400000,0x00000000840103d0,0x000000008a800000)
 Metaspace       used 66203K, capacity 69712K, committed 69888K, reserved 1110016K
  class space    used 9098K, capacity 9641K, committed 9728K, reserved 1048576K
Event: 189.443 GC heap after
Heap after GC invocations=17 (full 3):
 PSYoungGen      total 389120K, used 11355K [0x00000000d6180000, 0x00000000f0d80000, 0x0000000100000000)
  eden space 377344K, 0% used [0x00000000d6180000,0x00000000d6180000,0x00000000ed200000)
  from space 11776K, 96% used [0x00000000f0200000,0x00000000f0d16c38,0x00000000f0d80000)
  to   space 17920K, 0% used [0x00000000eea80000,0x00000000eea80000,0x00000000efc00000)
 ParOldGen       total 135168K, used 28744K [0x0000000082400000, 0x000000008a800000, 0x00000000d6180000)
  object space 135168K, 21% used [0x0000000082400000,0x00000000840123d0,0x000000008a800000)
 Metaspace       used 66203K, capacity 69712K, committed 69888K, reserved 1110016K
  class space    used 9098K, capacity 9641K, committed 9728K, reserved 1048576K
}
Event: 189.443 GC heap before
{Heap before GC invocations=18 (full 4):
 PSYoungGen      total 389120K, used 11355K [0x00000000d6180000, 0x00000000f0d80000, 0x0000000100000000)
  eden space 377344K, 0% used [0x00000000d6180000,0x00000000d6180000,0x00000000ed200000)
  from space 11776K, 96% used [0x00000000f0200000,0x00000000f0d16c38,0x00000000f0d80000)
  to   space 17920K, 0% used [0x00000000eea80000,0x00000000eea80000,0x00000000efc00000)
 ParOldGen       total 135168K, used 28744K [0x0000000082400000, 0x000000008a800000, 0x00000000d6180000)
  object space 135168K, 21% used [0x0000000082400000,0x00000000840123d0,0x000000008a800000)
 Metaspace       used 66203K, capacity 69712K, committed 69888K, reserved 1110016K
  class space    used 9098K, capacity 9641K, committed 9728K, reserved 1048576K
Event: 189.664 GC heap after
Heap after GC invocations=18 (full 4):
 PSYoungGen      total 389120K, used 0K [0x00000000d6180000, 0x00000000f0d80000, 0x0000000100000000)
  eden space 377344K, 0% used [0x00000000d6180000,0x00000000d6180000,0x00000000ed200000)
  from space 11776K, 0% used [0x00000000f0200000,0x00000000f0200000,0x00000000f0d80000)
  to   space 17920K, 0% used [0x00000000eea80000,0x00000000eea80000,0x00000000efc00000)
 ParOldGen       total 135168K, used 28428K [0x0000000082400000, 0x000000008a800000, 0x00000000d6180000)
  object space 135168K, 21% used [0x0000000082400000,0x0000000083fc31b8,0x000000008a800000)
 Metaspace       used 66203K, capacity 69712K, committed 69888K, reserved 1110016K
  class space    used 9098K, capacity 9641K, committed 9728K, reserved 1048576K
}
Event: 192.262 GC heap before
{Heap before GC invocations=19 (full 4):
 PSYoungGen      total 389120K, used 377344K [0x00000000d6180000, 0x00000000f0d80000, 0x0000000100000000)
  eden space 377344K, 100% used [0x00000000d6180000,0x00000000ed200000,0x00000000ed200000)
  from space 11776K, 0% used [0x00000000f0200000,0x00000000f0200000,0x00000000f0d80000)
  to   space 17920K, 0% used [0x00000000eea80000,0x00000000eea80000,0x00000000efc00000)
 ParOldGen       total 135168K, used 28428K [0x0000000082400000, 0x000000008a800000, 0x00000000d6180000)
  object space 135168K, 21% used [0x0000000082400000,0x0000000083fc31b8,0x000000008a800000)
 Metaspace       used 66702K, capacity 70344K, committed 70400K, reserved 1110016K
  class space    used 9131K, capacity 9693K, committed 9728K, reserved 1048576K
Event: 192.268 GC heap after
Heap after GC invocations=19 (full 4):
 PSYoungGen      total 420352K, used 4924K [0x00000000d6180000, 0x00000000f2b80000, 0x0000000100000000)
  eden space 402432K, 0% used [0x00000000d6180000,0x00000000d6180000,0x00000000eea80000)
  from space 17920K, 27% used [0x00000000eea80000,0x00000000eef4f230,0x00000000efc00000)
  to   space 17408K, 0% used [0x00000000f1a80000,0x00000000f1a80000,0x00000000f2b80000)
 ParOldGen       total 135168K, used 28436K [0x0000000082400000, 0x000000008a800000, 0x00000000d6180000)
  object space 135168K, 21% used [0x0000000082400000,0x0000000083fc51b8,0x000000008a800000)
 Metaspace       used 66702K, capacity 70344K, committed 70400K, reserved 1110016K
  class space    used 9131K, capacity 9693K, committed 9728K, reserved 1048576K
}

